RESNET18 testing. use null parameters and input just to benchmark performance
finish reading parameters
before forward
resnet18 vallina forward
finish forwarding
finish pedersen
commit time 21.214176ms
start generating random parameters
Number of constraints for x commitment 125682
Number of constraints for res_block1 8192 accumulated constraints 133874
Number of constraints for res_block2 6144 accumulated constraints 140018
Number of constraints for AvgPool2 512 accumulated constraints 140530
Number of constraints for res_block3 4096 accumulated constraints 144626
Number of constraints for res_block4 3072 accumulated constraints 147698
Number of constraints for AvgPool3 256 accumulated constraints 147954
Number of constraints for res_block5 2048 accumulated constraints 150002
Number of constraints for res_block6 1536 accumulated constraints 151538
Number of constraints for AvgPool4 256 accumulated constraints 151794
Number of constraints for res_block7 2048 accumulated constraints 153842
Number of constraints for res_block8 1536 accumulated constraints 155378
Number of constraints for AvgPool5 128 accumulated constraints 155506
Number of constraints FC1 2 accumulated constraints 155508
Number of constraints for z commitment 39946 accumulated constraints 195454
generate_time:47.389996143s
start inline lcs
lc_map len:69903744
prepare_time:67.334397ms
thread:5 finished, inner_prepare_time:335.547863ms,compute_time:2.758165914s,push_time:100ns
thread:3 finished, inner_prepare_time:338.000923ms,compute_time:2.799319027s,push_time:90ns
thread:4 finished, inner_prepare_time:336.545954ms,compute_time:2.836552733s,push_time:90ns
thread:2 finished, inner_prepare_time:339.1038ms,compute_time:2.846518589s,push_time:190ns
thread:6 finished, inner_prepare_time:333.19213ms,compute_time:2.900183493s,push_time:90ns
thread:0 finished, inner_prepare_time:524.705352ms,compute_time:3.32172887s,push_time:100ns
thread:7 finished, inner_prepare_time:514.696293ms,compute_time:3.414470552s,push_time:90ns
thread:1 finished, inner_prepare_time:522.854159ms,compute_time:3.548773023s,push_time:90ns
prepare time:67.334397ms, parallel compute:4.090387123s, insert time:60ns, map_len69903744
total_time:4.157785164s
allocate a,b and c
Setup: total_time:78.638761574s,generate_time:47.389996143s,inline_time:4.157888241s,R1CStoQAP_time:2.570786173s,compute_time:24.520066165s
setup time 108.280401754s
crs size: 16220443584
random parameters generated!

Number of constraints for x commitment 125682
Number of constraints for res_block1 8192 accumulated constraints 133874
Number of constraints for res_block2 6144 accumulated constraints 140018
Number of constraints for AvgPool2 512 accumulated constraints 140530
Number of constraints for res_block3 4096 accumulated constraints 144626
Number of constraints for res_block4 3072 accumulated constraints 147698
Number of constraints for AvgPool3 256 accumulated constraints 147954
Number of constraints for res_block5 2048 accumulated constraints 150002
Number of constraints for res_block6 1536 accumulated constraints 151538
Number of constraints for AvgPool4 256 accumulated constraints 151794
Number of constraints for res_block7 2048 accumulated constraints 153842
Number of constraints for res_block8 1536 accumulated constraints 155378
Number of constraints for AvgPool5 128 accumulated constraints 155506
Number of constraints FC1 2 accumulated constraints 155508
Number of constraints for z commitment 39946 accumulated constraints 195454
lc_map len:69903744
prepare_time:68.290366ms
thread:6 finished, inner_prepare_time:374.579275ms,compute_time:2.461663114s,push_time:100ns
thread:3 finished, inner_prepare_time:373.200771ms,compute_time:2.497449627s,push_time:110ns
thread:4 finished, inner_prepare_time:370.317866ms,compute_time:2.583036884s,push_time:110ns
thread:7 finished, inner_prepare_time:468.802725ms,compute_time:2.646546111s,push_time:90ns
thread:0 finished, inner_prepare_time:477.847394ms,compute_time:2.752661554s,push_time:100ns
thread:1 finished, inner_prepare_time:480.355186ms,compute_time:2.821669155s,push_time:110ns
thread:5 finished, inner_prepare_time:470.656348ms,compute_time:2.906086379s,push_time:100ns
thread:2 finished, inner_prepare_time:460.683933ms,compute_time:2.95601888s,push_time:91ns
prepare time:68.290366ms, parallel compute:3.4322938s, insert time:70ns, map_len69903744
total_time:3.500640779s
start generate witness_map
Prove: total_time:81.979401105s,generate_time:55.360605312s,inline_time:3.500730544s,R1CStoQAP_time:2.880183926s,compute_time:20.237875752s
prove time 88.292932171s
