commit time 23.814911ms
start generating random parameters
Number of constraints for x commitment 61618
Number of constraints for z commitment 39946 accumulated constraints 101564
Number of constraints for FC1 16 accumulated constraints 101580
Number of constraints for ReLU1 384 accumulated constraints 101964
Number of constraints for FC2 2 accumulated constraints 101966
Number of constraints for ArgmaxCircuitU8 Circuit 18950, Accumulated constraints 120916
Total number of FullCircuit inference constraints 120916
generate_time:3.025070302s
start inline lcs
lc_map len:826736
prepare_time:5.459393ms
thread:5 finished, inner_prepare_time:16.532246ms,compute_time:68.181235ms,push_time:70ns
thread:0 finished, inner_prepare_time:16.822704ms,compute_time:67.921789ms,push_time:70ns
thread:3 finished, inner_prepare_time:16.536426ms,compute_time:70.009237ms,push_time:69ns
thread:1 finished, inner_prepare_time:17.071219ms,compute_time:69.477014ms,push_time:80ns
thread:4 finished, inner_prepare_time:18.058219ms,compute_time:77.148452ms,push_time:80ns
thread:2 finished, inner_prepare_time:19.633645ms,compute_time:77.054066ms,push_time:80ns
thread:6 finished, inner_prepare_time:19.55093ms,compute_time:78.010184ms,push_time:90ns
thread:7 finished, inner_prepare_time:20.221561ms,compute_time:80.370528ms,push_time:70ns
prepare time:5.459393ms, parallel compute:216.702163ms, insert time:30ns, map_len826736
total_time:222.178947ms
allocate a,b and c
Setup: total_time:4.222729431s,generate_time:3.025070302s,inline_time:222.404141ms,R1CStoQAP_time:281.660163ms,compute_time:693.586724ms
setup time 4.544809576s
random parameters generated!

Number of constraints for x commitment 61618
Number of constraints for z commitment 39946 accumulated constraints 101564
Number of constraints for FC1 16 accumulated constraints 101580
Number of constraints for ReLU1 384 accumulated constraints 101964
Number of constraints for FC2 2 accumulated constraints 101966
Number of constraints for ArgmaxCircuitU8 Circuit 18950, Accumulated constraints 120916
Total number of FullCircuit inference constraints 120916
lc_map len:826736
prepare_time:5.030826ms
thread:2 finished, inner_prepare_time:17.574241ms,compute_time:73.319437ms,push_time:80ns
thread:4 finished, inner_prepare_time:15.847836ms,compute_time:75.088995ms,push_time:80ns
thread:0 finished, inner_prepare_time:18.831998ms,compute_time:72.244991ms,push_time:70ns
thread:3 finished, inner_prepare_time:18.270544ms,compute_time:72.903771ms,push_time:80ns
thread:1 finished, inner_prepare_time:18.441364ms,compute_time:73.588983ms,push_time:80ns
thread:7 finished, inner_prepare_time:15.863537ms,compute_time:76.424266ms,push_time:80ns
thread:5 finished, inner_prepare_time:19.276705ms,compute_time:73.87044ms,push_time:80ns
thread:6 finished, inner_prepare_time:17.805595ms,compute_time:76.030902ms,push_time:80ns
prepare time:5.030826ms, parallel compute:239.723597ms, insert time:30ns, map_len826736
total_time:244.766514ms
start generate witness_map
Prove: total_time:4.56385617s,generate_time:3.226023392s,inline_time:244.839988ms,R1CStoQAP_time:446.121294ms,compute_time:646.868905ms
prove time 4.809053839s
verification time 3.212086ms
