LeNet optimized small on CIFAR dataset
finish reading parameters
lenet vallina forward
finish forwarding
z outside [123, 123, 137, 149, 131, 144, 135, 123, 131, 120]
commit time 27.040957ms
start generating random parameters
Number of constraints for x commitment 125682
lenet vallina forward
Number of constraints for z commitment 39946 accumulated constraints 165628
Number of constraints for Conv1 672 accumulated constraints 166300
Number of constraints for Relu1 14112 accumulated constraints 180412
Number of constraints for AvgPool1 168 accumulated constraints 180580
Number of constraints for Conv2 320 accumulated constraints 180900
Number of constraints for Relu2 4800 accumulated constraints 185700
Number of constraints for AvgPool2 80 accumulated constraints 185780
Number of constraints for Conv3 240 accumulated constraints 186020
Number of constraints for Relu3 1440 accumulated constraints 187460
Number of constraints FC1 11 accumulated constraints 187471
Number of constraints for Relu4 252 accumulated constraints 187723
Number of constraints FC2 2 accumulated constraints 187725
Number of constraints for ArgmaxCircuitU8 Circuit 18950, Accumulated constraints 206675
generate_time:4.019224682s
start inline lcs
lc_map len:2520110
prepare_time:7.241222ms
thread:5 finished, inner_prepare_time:28.547859ms,compute_time:157.097092ms,push_time:70ns
thread:4 finished, inner_prepare_time:27.863697ms,compute_time:160.331329ms,push_time:71ns
thread:0 finished, inner_prepare_time:27.966664ms,compute_time:165.42515ms,push_time:69ns
thread:6 finished, inner_prepare_time:28.252961ms,compute_time:166.275772ms,push_time:70ns
thread:3 finished, inner_prepare_time:29.454554ms,compute_time:167.39332ms,push_time:80ns
thread:2 finished, inner_prepare_time:28.296614ms,compute_time:170.612856ms,push_time:80ns
thread:7 finished, inner_prepare_time:33.106577ms,compute_time:182.950067ms,push_time:80ns
thread:1 finished, inner_prepare_time:37.030016ms,compute_time:194.189833ms,push_time:70ns
prepare time:7.241222ms, parallel compute:271.086407ms, insert time:31ns, map_len2520110
total_time:278.344551ms
allocate a,b and c
Setup: total_time:6.775806748s,generate_time:4.019224682s,inline_time:278.543602ms,R1CStoQAP_time:463.071928ms,compute_time:2.014953925s
setup time 7.937432494s
random parameters generated!

Number of constraints for x commitment 125682
lenet vallina forward
Number of constraints for z commitment 39946 accumulated constraints 165628
Number of constraints for Conv1 672 accumulated constraints 166300
Number of constraints for Relu1 14112 accumulated constraints 180412
Number of constraints for AvgPool1 168 accumulated constraints 180580
Number of constraints for Conv2 320 accumulated constraints 180900
Number of constraints for Relu2 4800 accumulated constraints 185700
Number of constraints for AvgPool2 80 accumulated constraints 185780
Number of constraints for Conv3 240 accumulated constraints 186020
Number of constraints for Relu3 1440 accumulated constraints 187460
Number of constraints FC1 11 accumulated constraints 187471
Number of constraints for Relu4 252 accumulated constraints 187723
Number of constraints FC2 2 accumulated constraints 187725
Number of constraints for ArgmaxCircuitU8 Circuit 18950, Accumulated constraints 206675
lc_map len:2520110
prepare_time:7.211089ms
thread:5 finished, inner_prepare_time:21.353731ms,compute_time:140.015244ms,push_time:80ns
thread:7 finished, inner_prepare_time:20.204631ms,compute_time:149.412497ms,push_time:70ns
thread:3 finished, inner_prepare_time:21.66898ms,compute_time:151.26496ms,push_time:80ns
thread:1 finished, inner_prepare_time:22.947478ms,compute_time:159.618338ms,push_time:70ns
thread:0 finished, inner_prepare_time:23.061455ms,compute_time:160.297479ms,push_time:80ns
thread:6 finished, inner_prepare_time:51.748551ms,compute_time:164.785873ms,push_time:60ns
thread:4 finished, inner_prepare_time:53.20385ms,compute_time:169.776096ms,push_time:60ns
thread:2 finished, inner_prepare_time:80.722876ms,compute_time:147.17966ms,push_time:70ns
prepare time:7.211089ms, parallel compute:279.681238ms, insert time:31ns, map_len2520110
total_time:286.909439ms
start generate witness_map
Prove: total_time:7.002987946s,generate_time:4.12139402s,inline_time:286.988383ms,R1CStoQAP_time:724.31547ms,compute_time:1.870287362s
prove time 7.504043602s
verification time 3.241877ms
