commit time 24.345875ms
start generating random parameters
is setup mode?: true
Number of constraints for x commitment 61618
is setup mode?: true
Number of constraints for z commitment 39946 accumulated constraints 101564
Number of constraints for FC1 128 accumulated constraints 101692
Number of constraints for ReLU1 384 accumulated constraints 102076
Number of constraints for FC2 10 accumulated constraints 102086
Number of constraints for ArgmaxCircuitU8 Circuit 18950, Accumulated constraints 121036
Total number of FullCircuit inference constraints 121036
generate_time:3.080101967s
start inline lcs
total inline time:511.090283ms
allocate a,b and c
Setup: total_time:4.593345953s,generate_time:3.080101967s,inline_time:607.411763ms,R1CStoQAP_time:113.571283ms,compute_time:792.25508ms
setup time 4.731810402s
random parameters generated!

is setup mode?: false
Number of constraints for x commitment 61618
is setup mode?: false
Number of constraints for z commitment 39946 accumulated constraints 101564
Number of constraints for FC1 128 accumulated constraints 101692
Number of constraints for ReLU1 384 accumulated constraints 102076
Number of constraints for FC2 10 accumulated constraints 102086
Number of constraints for ArgmaxCircuitU8 Circuit 18950, Accumulated constraints 121036
Total number of FullCircuit inference constraints 121036
total inline time:528.049006ms
start generate witness_map
Prove: total_time:4.799567332s,generate_time:3.20779241s,inline_time:639.84508ms,R1CStoQAP_time:291.268023ms,compute_time:660.619536ms
prove time 4.821618708s
verification time 3.166343ms
